mode: atomic
github.com/irfndi/AetherDEX/backend/cmd/api/main.go:20.13,22.40 1 0
github.com/irfndi/AetherDEX/backend/cmd/api/main.go:22.40,24.3 1 0
github.com/irfndi/AetherDEX/backend/cmd/api/main.go:27.2,40.16 5 0
github.com/irfndi/AetherDEX/backend/cmd/api/main.go:40.16,42.3 1 0
github.com/irfndi/AetherDEX/backend/cmd/api/main.go:45.2,53.44 3 0
github.com/irfndi/AetherDEX/backend/cmd/api/main.go:53.44,55.3 1 0
github.com/irfndi/AetherDEX/backend/cmd/api/main.go:58.2,63.45 4 0
github.com/irfndi/AetherDEX/backend/cmd/api/main.go:63.45,69.3 1 0
github.com/irfndi/AetherDEX/backend/cmd/api/main.go:72.2,73.2 2 0
github.com/irfndi/AetherDEX/backend/cmd/api/main.go:73.2,74.40 1 0
github.com/irfndi/AetherDEX/backend/cmd/api/main.go:74.40,76.4 1 0
github.com/irfndi/AetherDEX/backend/cmd/api/main.go:80.2,81.16 2 0
github.com/irfndi/AetherDEX/backend/cmd/api/main.go:81.16,83.3 1 0
github.com/irfndi/AetherDEX/backend/cmd/api/main.go:85.2,91.12 2 0
github.com/irfndi/AetherDEX/backend/cmd/api/main.go:91.12,93.77 2 0
github.com/irfndi/AetherDEX/backend/cmd/api/main.go:93.77,95.4 1 0
github.com/irfndi/AetherDEX/backend/cmd/api/main.go:99.2,108.42 7 0
github.com/irfndi/AetherDEX/backend/cmd/api/main.go:108.42,110.3 1 0
github.com/irfndi/AetherDEX/backend/cmd/api/main.go:113.2,113.15 1 0
github.com/irfndi/AetherDEX/backend/cmd/api/main.go:113.15,114.40 1 0
github.com/irfndi/AetherDEX/backend/cmd/api/main.go:114.40,116.4 1 0
github.com/irfndi/AetherDEX/backend/cmd/api/main.go:120.2,122.30 2 0
